{"/Users/yejialiang/work/execise/mocha_test/main.js":{"path":"/Users/yejialiang/work/execise/mocha_test/main.js","s":{"1":1,"2":180,"3":1,"4":179,"5":1,"6":178,"7":90,"8":88,"9":1},"b":{"1":[1,179],"2":[1,178],"3":[90,88]},"f":{"1":180},"fnMap":{"1":{"name":"fibonacci","line":3,"loc":{"start":{"line":3,"column":0},"end":{"line":3,"column":22}}}},"statementMap":{"1":{"start":{"line":3,"column":0},"end":{"line":17,"column":1}},"2":{"start":{"line":4,"column":4},"end":{"line":6,"column":5}},"3":{"start":{"line":5,"column":8},"end":{"line":5,"column":47}},"4":{"start":{"line":8,"column":4},"end":{"line":10,"column":5}},"5":{"start":{"line":9,"column":8},"end":{"line":9,"column":43}},"6":{"start":{"line":12,"column":4},"end":{"line":14,"column":5}},"7":{"start":{"line":13,"column":8},"end":{"line":13,"column":16}},"8":{"start":{"line":16,"column":4},"end":{"line":16,"column":46}},"9":{"start":{"line":19,"column":0},"end":{"line":19,"column":29}}},"branchMap":{"1":{"line":4,"type":"if","locations":[{"start":{"line":4,"column":4},"end":{"line":4,"column":4}},{"start":{"line":4,"column":4},"end":{"line":4,"column":4}}]},"2":{"line":8,"type":"if","locations":[{"start":{"line":8,"column":4},"end":{"line":8,"column":4}},{"start":{"line":8,"column":4},"end":{"line":8,"column":4}}]},"3":{"line":12,"type":"if","locations":[{"start":{"line":12,"column":4},"end":{"line":12,"column":4}},{"start":{"line":12,"column":4},"end":{"line":12,"column":4}}]}}}}